#
# There is insufficient memory for the Java Runtime Environment to continue.
# Native memory allocation (malloc) failed to allocate 603376 bytes for Chunk::new
# Possible reasons:
#   The system is out of physical RAM or swap space
#   The process is running with CompressedOops enabled, and the Java Heap may be blocking the growth of the native heap
# Possible solutions:
#   Reduce memory load on the system
#   Increase physical memory or swap space
#   Check if swap backing store is full
#   Decrease Java heap size (-Xmx/-Xms)
#   Decrease number of Java threads
#   Decrease Java thread stack sizes (-Xss)
#   Set larger code cache with -XX:ReservedCodeCacheSize=
#   JVM is running with Unscaled Compressed Oops mode in which the Java heap is
#     placed in the first 4GB address space. The Java Heap base address is the
#     maximum limit for the native heap growth. Please use -XX:HeapBaseMinAddress
#     to set the Java Heap base and to place the Java Heap above 4GB virtual address.
# This output file may be truncated or incomplete.
#
#  Out of Memory Error (t:/workspace/open/src/hotspot/share/memory/arena.cpp:197), pid=8080, tid=11132
#
# JRE version: Java(TM) SE Runtime Environment (11.0.1+13) (build 11.0.1+13-LTS)
# Java VM: Java HotSpot(TM) 64-Bit Server VM (11.0.1+13-LTS, mixed mode, tiered, compressed oops, g1 gc, windows-amd64)
# No core dump will be written. Minidumps are not enabled by default on client versions of Windows
#

---------------  S U M M A R Y ------------

Command Line: -javaagent:F:\Programms\IntelliJ IDEA 2018.3\lib\idea_rt.jar=55476:F:\Programms\IntelliJ IDEA 2018.3\bin -Dfile.encoding=UTF-8 nanaev.backend.webrest.init.EnrtyPoint

Host: Intel(R) Core(TM) i7-8550U CPU @ 1.80GHz, 8 cores, 7G,  Windows 10 , 64 bit Build 17763 (10.0.17763.475)
Time: Wed Jan 29 04:17:10 2020 RTZ 2 (ceia) elapsed time: 5 seconds (0d 0h 0m 5s)

---------------  T H R E A D  ---------------

Current thread (0x0000021cf3999000):  JavaThread "C2 CompilerThread0" daemon [_thread_in_native, id=11132, stack(0x000000f0fec00000,0x000000f0fed00000)]


Current CompileTask:
C2:   5762 4023   !   4       jdk.internal.loader.URLClassPath$JarLoader::getResource (353 bytes)

Stack: [0x000000f0fec00000,0x000000f0fed00000]
Native frames: (J=compiled Java code, j=interpreted, Vv=VM code, C=native code)
V  [jvm.dll+0x63c21a]
V  [jvm.dll+0x7797df]
V  [jvm.dll+0x77adca]
V  [jvm.dll+0x77b483]
V  [jvm.dll+0x2627f8]
V  [jvm.dll+0xc5c71]
V  [jvm.dll+0xc61fc]
V  [jvm.dll+0x2d10f4]
V  [jvm.dll+0x55412f]
V  [jvm.dll+0x21e90f]
V  [jvm.dll+0x21b846]
V  [jvm.dll+0x198390]
V  [jvm.dll+0x22a97f]
V  [jvm.dll+0x228f98]
V  [jvm.dll+0x73f03d]
V  [jvm.dll+0x63b2b2]
C  [ucrtbase.dll+0x21ffa]
C  [KERNEL32.DLL+0x17974]
C  [ntdll.dll+0x6a271]


---------------  P R O C E S S  ---------------

Threads class SMR info:
_java_thread_list=0x0000021cf4c4bfb0, length=21, elements={
0x0000021cd454d800, 0x0000021cf310a800, 0x0000021cf310e800, 0x0000021cf3996000,
0x0000021cf3997000, 0x0000021cf3999000, 0x0000021cf313d000, 0x0000021cf39ab800,
0x0000021cf3b20800, 0x0000021cf3f01000, 0x0000021cf413d000, 0x0000021cf52cd000,
0x0000021cf6eeb000, 0x0000021cf5731800, 0x0000021cf7f8c000, 0x0000021cf67b7800,
0x0000021cf844a000, 0x0000021cf7c34800, 0x0000021cf67b4000, 0x0000021cf7b7a800,
0x0000021cf9594800
}

Java Threads: ( => current thread )
  0x0000021cd454d800 JavaThread "main" [_thread_in_vm, id=5572, stack(0x000000f0fe100000,0x000000f0fe200000)]
  0x0000021cf310a800 JavaThread "Reference Handler" daemon [_thread_blocked, id=12040, stack(0x000000f0fe800000,0x000000f0fe900000)]
  0x0000021cf310e800 JavaThread "Finalizer" daemon [_thread_blocked, id=16684, stack(0x000000f0fe900000,0x000000f0fea00000)]
  0x0000021cf3996000 JavaThread "Signal Dispatcher" daemon [_thread_blocked, id=2524, stack(0x000000f0fea00000,0x000000f0feb00000)]
  0x0000021cf3997000 JavaThread "Attach Listener" daemon [_thread_blocked, id=13340, stack(0x000000f0feb00000,0x000000f0fec00000)]
=>0x0000021cf3999000 JavaThread "C2 CompilerThread0" daemon [_thread_in_native, id=11132, stack(0x000000f0fec00000,0x000000f0fed00000)]
  0x0000021cf313d000 JavaThread "C1 CompilerThread0" daemon [_thread_blocked, id=992, stack(0x000000f0fed00000,0x000000f0fee00000)]
  0x0000021cf39ab800 JavaThread "Sweeper thread" daemon [_thread_blocked, id=10556, stack(0x000000f0fee00000,0x000000f0fef00000)]
  0x0000021cf3b20800 JavaThread "Common-Cleaner" daemon [_thread_blocked, id=17820, stack(0x000000f0fef00000,0x000000f0ff000000)]
  0x0000021cf3f01000 JavaThread "Monitor Ctrl-Break" daemon [_thread_in_native, id=7996, stack(0x000000f0ff100000,0x000000f0ff200000)]
  0x0000021cf413d000 JavaThread "Service Thread" daemon [_thread_blocked, id=9336, stack(0x000000f0ff200000,0x000000f0ff300000)]
  0x0000021cf52cd000 JavaThread "C2 CompilerThread1" daemon [_thread_in_native, id=12572, stack(0x000000f0ff000000,0x000000f0ff100000)]
  0x0000021cf6eeb000 JavaThread "Catalina-utility-1" [_thread_blocked, id=16444, stack(0x000000f0ff400000,0x000000f0ff500000)]
  0x0000021cf5731800 JavaThread "Catalina-utility-2" [_thread_blocked, id=18688, stack(0x000000f0ff800000,0x000000f0ff900000)]
  0x0000021cf7f8c000 JavaThread "C2 CompilerThread2" daemon [_thread_in_native, id=16160, stack(0x000000f0ffa00000,0x000000f0ffb00000)]
  0x0000021cf67b7800 JavaThread "container-0" [_thread_blocked, id=18808, stack(0x000000f0ffb00000,0x000000f0ffc00000)]
  0x0000021cf844a000 JavaThread "Timer-0" daemon [_thread_blocked, id=14236, stack(0x000000f080000000,0x000000f080100000)]
  0x0000021cf7c34800 JavaThread "oracle.jdbc.driver.BlockSource.ThreadedCachingBlockSource.BlockReleaser" daemon [_thread_blocked, id=11312, stack(0x000000f080100000,0x000000f080200000)]
  0x0000021cf67b4000 JavaThread "InterruptTimer" daemon [_thread_blocked, id=6216, stack(0x000000f080200000,0x000000f080300000)]
  0x0000021cf7b7a800 JavaThread "HikariPool-1 housekeeper" daemon [_thread_blocked, id=12188, stack(0x000000f080300000,0x000000f080400000)]
  0x0000021cf9594800 JavaThread "HikariPool-1 connection adder" daemon [_thread_in_native, id=2856, stack(0x000000f080400000,0x000000f080500000)]

Other Threads:
  0x0000021cf30ee800 VMThread "VM Thread" [stack: 0x000000f0fe700000,0x000000f0fe800000] [id=3080]
  0x0000021cf3f02000 WatcherThread [stack: 0x000000f0ff300000,0x000000f0ff400000] [id=12964]
  0x0000021cd4563800 GCTaskThread "GC Thread#0" [stack: 0x000000f0fe200000,0x000000f0fe300000] [id=14388]
  0x0000021cf49a2800 GCTaskThread "GC Thread#1" [stack: 0x000000f0ff500000,0x000000f0ff600000] [id=4308]
  0x0000021cf4f44000 GCTaskThread "GC Thread#2" [stack: 0x000000f0ff600000,0x000000f0ff700000] [id=17616]
  0x0000021cf445e000 GCTaskThread "GC Thread#3" [stack: 0x000000f0ff700000,0x000000f0ff800000] [id=11584]
  0x0000021cf7d58000 GCTaskThread "GC Thread#4" [stack: 0x000000f0ffc00000,0x000000f0ffd00000] [id=14000]
  0x0000021cf7d56800 GCTaskThread "GC Thread#5" [stack: 0x000000f0ffd00000,0x000000f0ffe00000] [id=10652]
  0x0000021cf7d56000 GCTaskThread "GC Thread#6" [stack: 0x000000f0ffe00000,0x000000f0fff00000] [id=18000]
  0x0000021cf7d55000 GCTaskThread "GC Thread#7" [stack: 0x000000f0fff00000,0x000000f100000000] [id=1836]
  0x0000021cd4595000 ConcurrentGCThread "G1 Main Marker" [stack: 0x000000f0fe300000,0x000000f0fe400000] [id=14732]
  0x0000021cd4598800 ConcurrentGCThread "G1 Conc#0" [stack: 0x000000f0fe400000,0x000000f0fe500000] [id=18696]
  0x0000021cf546a800 ConcurrentGCThread "G1 Conc#1" [stack: 0x000000f0ff900000,0x000000f0ffa00000] [id=18592]
  0x0000021cf2f70800 ConcurrentGCThread "G1 Refine#0" [stack: 0x000000f0fe500000,0x000000f0fe600000] [id=16656]
  0x0000021cf2f71000 ConcurrentGCThread "G1 Young RemSet Sampling" [stack: 0x000000f0fe600000,0x000000f0fe700000] [id=18568]

Threads with active compile tasks:
C2 CompilerThread04023   !   4       jdk.internal.loader.URLClassPath$JarLoader::getResource (353 bytes)
C2 CompilerThread14028   !   4       jdk.internal.loader.BuiltinClassLoader::findClassOnClassPathOrNull (64 bytes)
C2 CompilerThread24068   !   4       com.sun.crypto.provider.PBKDF2KeyImpl::deriveKey (293 bytes)

VM state:not at safepoint (normal execution)

VM Mutex/Monitor currently owned by a thread: None

Heap address: 0x0000000081e00000, size: 2018 MB, Compressed Oops mode: 32-bit
Narrow klass base: 0x0000000000000000, Narrow klass shift: 3
Compressed class space size: 1073741824 Address: 0x0000000100000000

Heap:
 garbage-first heap   total 157696K, used 47430K [0x0000000081e00000, 0x0000000100000000)
  region size 1024K, 39 young (39936K), 7 survivors (7168K)
 Metaspace       used 48301K, capacity 49386K, committed 49580K, reserved 1093632K
  class space    used 5874K, capacity 6314K, committed 6400K, reserved 1048576K
Heap Regions: E=young(eden), S=young(survivor), O=old, HS=humongous(starts), HC=humongous(continues), CS=collection set, F=free, A=archive, TAMS=top-at-mark-start (previous, next)
|   0|0x0000000081e00000, 0x0000000081f00000, 0x0000000081f00000|100%|HS|  |TAMS 0x0000000081f00000, 0x0000000081e00000| Complete 
|   1|0x0000000081f00000, 0x0000000082000000, 0x0000000082000000|100%| O|  |TAMS 0x0000000082000000, 0x0000000081f00000| Untracked 
|   2|0x0000000082000000, 0x0000000082100000, 0x0000000082100000|100%| O|  |TAMS 0x0000000082100000, 0x0000000082000000| Untracked 
|   3|0x0000000082100000, 0x0000000082200000, 0x0000000082200000|100%| O|  |TAMS 0x0000000082200000, 0x0000000082100000| Untracked 
|   4|0x0000000082200000, 0x0000000082300000, 0x0000000082300000|100%| O|  |TAMS 0x0000000082300000, 0x0000000082200000| Untracked 
|   5|0x0000000082300000, 0x0000000082400000, 0x0000000082400000|100%| O|  |TAMS 0x0000000082400000, 0x0000000082300000| Untracked 
|   6|0x0000000082400000, 0x0000000082500000, 0x0000000082500000|100%| O|  |TAMS 0x0000000082500000, 0x0000000082400000| Untracked 
|   7|0x0000000082500000, 0x0000000082600000, 0x0000000082600000|100%| O|  |TAMS 0x0000000082600000, 0x0000000082500000| Untracked 
|   8|0x0000000082600000, 0x00000000826e1c00, 0x0000000082700000| 88%| O|  |TAMS 0x0000000082661800, 0x0000000082600000| Untracked 
|   9|0x0000000082700000, 0x0000000082700000, 0x0000000082800000|  0%| F|  |TAMS 0x0000000082700000, 0x0000000082700000| Untracked 
|  10|0x0000000082800000, 0x0000000082800000, 0x0000000082900000|  0%| F|  |TAMS 0x0000000082800000, 0x0000000082800000| Untracked 
|  11|0x0000000082900000, 0x0000000082900000, 0x0000000082a00000|  0%| F|  |TAMS 0x0000000082900000, 0x0000000082900000| Untracked 
|  12|0x0000000082a00000, 0x0000000082a00000, 0x0000000082b00000|  0%| F|  |TAMS 0x0000000082a00000, 0x0000000082a00000| Untracked 
|  13|0x0000000082b00000, 0x0000000082b00000, 0x0000000082c00000|  0%| F|  |TAMS 0x0000000082b00000, 0x0000000082b00000| Untracked 
|  14|0x0000000082c00000, 0x0000000082c00000, 0x0000000082d00000|  0%| F|  |TAMS 0x0000000082c00000, 0x0000000082c00000| Untracked 
|  15|0x0000000082d00000, 0x0000000082d00000, 0x0000000082e00000|  0%| F|  |TAMS 0x0000000082d00000, 0x0000000082d00000| Untracked 
|  16|0x0000000082e00000, 0x0000000082e00000, 0x0000000082f00000|  0%| F|  |TAMS 0x0000000082e00000, 0x0000000082e00000| Untracked 
|  17|0x0000000082f00000, 0x0000000082f00000, 0x0000000083000000|  0%| F|  |TAMS 0x0000000082f00000, 0x0000000082f00000| Untracked 
|  18|0x0000000083000000, 0x0000000083000000, 0x0000000083100000|  0%| F|  |TAMS 0x0000000083000000, 0x0000000083000000| Untracked 
|  19|0x0000000083100000, 0x0000000083100000, 0x0000000083200000|  0%| F|  |TAMS 0x0000000083100000, 0x0000000083100000| Untracked 
|  20|0x0000000083200000, 0x0000000083200000, 0x0000000083300000|  0%| F|  |TAMS 0x0000000083200000, 0x0000000083200000| Untracked 
|  21|0x0000000083300000, 0x0000000083300000, 0x0000000083400000|  0%| F|  |TAMS 0x0000000083300000, 0x0000000083300000| Untracked 
|  22|0x0000000083400000, 0x0000000083400000, 0x0000000083500000|  0%| F|  |TAMS 0x0000000083400000, 0x0000000083400000| Untracked 
|  23|0x0000000083500000, 0x0000000083500000, 0x0000000083600000|  0%| F|  |TAMS 0x0000000083500000, 0x0000000083500000| Untracked 
|  24|0x0000000083600000, 0x0000000083600000, 0x0000000083700000|  0%| F|  |TAMS 0x0000000083600000, 0x0000000083600000| Untracked 
|  25|0x0000000083700000, 0x0000000083700000, 0x0000000083800000|  0%| F|  |TAMS 0x0000000083700000, 0x0000000083700000| Untracked 
|  26|0x0000000083800000, 0x0000000083800000, 0x0000000083900000|  0%| F|  |TAMS 0x0000000083800000, 0x0000000083800000| Untracked 
|  27|0x0000000083900000, 0x0000000083900000, 0x0000000083a00000|  0%| F|  |TAMS 0x0000000083900000, 0x0000000083900000| Untracked 
|  28|0x0000000083a00000, 0x0000000083a00000, 0x0000000083b00000|  0%| F|  |TAMS 0x0000000083a00000, 0x0000000083a00000| Untracked 
|  29|0x0000000083b00000, 0x0000000083b00000, 0x0000000083c00000|  0%| F|  |TAMS 0x0000000083b00000, 0x0000000083b00000| Untracked 
|  30|0x0000000083c00000, 0x0000000083c00000, 0x0000000083d00000|  0%| F|  |TAMS 0x0000000083c00000, 0x0000000083c00000| Untracked 
|  31|0x0000000083d00000, 0x0000000083d00000, 0x0000000083e00000|  0%| F|  |TAMS 0x0000000083d00000, 0x0000000083d00000| Untracked 
|  32|0x0000000083e00000, 0x0000000083e00000, 0x0000000083f00000|  0%| F|  |TAMS 0x0000000083e00000, 0x0000000083e00000| Untracked 
|  33|0x0000000083f00000, 0x0000000083f00000, 0x0000000084000000|  0%| F|  |TAMS 0x0000000083f00000, 0x0000000083f00000| Untracked 
|  34|0x0000000084000000, 0x0000000084000000, 0x0000000084100000|  0%| F|  |TAMS 0x0000000084000000, 0x0000000084000000| Untracked 
|  35|0x0000000084100000, 0x0000000084100000, 0x0000000084200000|  0%| F|  |TAMS 0x0000000084100000, 0x0000000084100000| Untracked 
|  36|0x0000000084200000, 0x0000000084200000, 0x0000000084300000|  0%| F|  |TAMS 0x0000000084200000, 0x0000000084200000| Untracked 
|  37|0x0000000084300000, 0x0000000084300000, 0x0000000084400000|  0%| F|  |TAMS 0x0000000084300000, 0x0000000084300000| Untracked 
|  38|0x0000000084400000, 0x0000000084400000, 0x0000000084500000|  0%| F|  |TAMS 0x0000000084400000, 0x0000000084400000| Untracked 
|  39|0x0000000084500000, 0x0000000084500000, 0x0000000084600000|  0%| F|  |TAMS 0x0000000084500000, 0x0000000084500000| Untracked 
|  40|0x0000000084600000, 0x0000000084600000, 0x0000000084700000|  0%| F|  |TAMS 0x0000000084600000, 0x0000000084600000| Untracked 
|  41|0x0000000084700000, 0x0000000084700000, 0x0000000084800000|  0%| F|  |TAMS 0x0000000084700000, 0x0000000084700000| Untracked 
|  42|0x0000000084800000, 0x0000000084800000, 0x0000000084900000|  0%| F|  |TAMS 0x0000000084800000, 0x0000000084800000| Untracked 
|  43|0x0000000084900000, 0x0000000084900000, 0x0000000084a00000|  0%| F|  |TAMS 0x0000000084900000, 0x0000000084900000| Untracked 
|  44|0x0000000084a00000, 0x0000000084a00000, 0x0000000084b00000|  0%| F|  |TAMS 0x0000000084a00000, 0x0000000084a00000| Untracked 
|  45|0x0000000084b00000, 0x0000000084b00000, 0x0000000084c00000|  0%| F|  |TAMS 0x0000000084b00000, 0x0000000084b00000| Untracked 
|  46|0x0000000084c00000, 0x0000000084c00000, 0x0000000084d00000|  0%| F|  |TAMS 0x0000000084c00000, 0x0000000084c00000| Untracked 
|  47|0x0000000084d00000, 0x0000000084d00000, 0x0000000084e00000|  0%| F|  |TAMS 0x0000000084d00000, 0x0000000084d00000| Untracked 
|  48|0x0000000084e00000, 0x0000000084e00000, 0x0000000084f00000|  0%| F|  |TAMS 0x0000000084e00000, 0x0000000084e00000| Untracked 
|  49|0x0000000084f00000, 0x0000000084f00000, 0x0000000085000000|  0%| F|  |TAMS 0x0000000084f00000, 0x0000000084f00000| Untracked 
|  50|0x0000000085000000, 0x000000008506fdc0, 0x0000000085100000| 43%| S|CS|TAMS 0x0000000085000000, 0x0000000085000000| Complete 
|  51|0x0000000085100000, 0x0000000085200000, 0x0000000085200000|100%| S|CS|TAMS 0x0000000085100000, 0x0000000085100000| Complete 
|  52|0x0000000085200000, 0x0000000085300000, 0x0000000085300000|100%| S|CS|TAMS 0x0000000085200000, 0x0000000085200000| Complete 
|  53|0x0000000085300000, 0x0000000085400000, 0x0000000085400000|100%| S|CS|TAMS 0x0000000085300000, 0x0000000085300000| Complete 
|  54|0x0000000085400000, 0x0000000085500000, 0x0000000085500000|100%| S|CS|TAMS 0x0000000085400000, 0x0000000085400000| Complete 
|  55|0x0000000085500000, 0x0000000085600000, 0x0000000085600000|100%| S|CS|TAMS 0x0000000085500000, 0x0000000085500000| Complete 
|  56|0x0000000085600000, 0x0000000085700000, 0x0000000085700000|100%| S|CS|TAMS 0x0000000085600000, 0x0000000085600000| Complete 
|  57|0x0000000085700000, 0x0000000085700000, 0x0000000085800000|  0%| F|  |TAMS 0x0000000085700000, 0x0000000085700000| Untracked 
|  58|0x0000000085800000, 0x0000000085800000, 0x0000000085900000|  0%| F|  |TAMS 0x0000000085800000, 0x0000000085800000| Untracked 
|  59|0x0000000085900000, 0x0000000085900000, 0x0000000085a00000|  0%| F|  |TAMS 0x0000000085900000, 0x0000000085900000| Untracked 
|  60|0x0000000085a00000, 0x0000000085a00000, 0x0000000085b00000|  0%| F|  |TAMS 0x0000000085a00000, 0x0000000085a00000| Untracked 
|  61|0x0000000085b00000, 0x0000000085b00000, 0x0000000085c00000|  0%| F|  |TAMS 0x0000000085b00000, 0x0000000085b00000| Untracked 
|  62|0x0000000085c00000, 0x0000000085c00000, 0x0000000085d00000|  0%| F|  |TAMS 0x0000000085c00000, 0x0000000085c00000| Untracked 
|  63|0x0000000085d00000, 0x0000000085d00000, 0x0000000085e00000|  0%| F|  |TAMS 0x0000000085d00000, 0x0000000085d00000| Untracked 
|  64|0x0000000085e00000, 0x0000000085e00000, 0x0000000085f00000|  0%| F|  |TAMS 0x0000000085e00000, 0x0000000085e00000| Untracked 
|  65|0x0000000085f00000, 0x0000000085f00000, 0x0000000086000000|  0%| F|  |TAMS 0x0000000085f00000, 0x0000000085f00000| Untracked 
|  66|0x0000000086000000, 0x0000000086000000, 0x0000000086100000|  0%| F|  |TAMS 0x0000000086000000, 0x0000000086000000| Untracked 
|  67|0x0000000086100000, 0x0000000086100000, 0x0000000086200000|  0%| F|  |TAMS 0x0000000086100000, 0x0000000086100000| Untracked 
|  68|0x0000000086200000, 0x0000000086200000, 0x0000000086300000|  0%| F|  |TAMS 0x0000000086200000, 0x0000000086200000| Untracked 
|  69|0x0000000086300000, 0x0000000086300000, 0x0000000086400000|  0%| F|  |TAMS 0x0000000086300000, 0x0000000086300000| Untracked 
|  70|0x0000000086400000, 0x0000000086400000, 0x0000000086500000|  0%| F|  |TAMS 0x0000000086400000, 0x0000000086400000| Untracked 
|  71|0x0000000086500000, 0x0000000086500000, 0x0000000086600000|  0%| F|  |TAMS 0x0000000086500000, 0x0000000086500000| Untracked 
|  72|0x0000000086600000, 0x0000000086600000, 0x0000000086700000|  0%| F|  |TAMS 0x0000000086600000, 0x0000000086600000| Untracked 
|  73|0x0000000086700000, 0x0000000086700000, 0x0000000086800000|  0%| F|  |TAMS 0x0000000086700000, 0x0000000086700000| Untracked 
|  74|0x0000000086800000, 0x0000000086800000, 0x0000000086900000|  0%| F|  |TAMS 0x0000000086800000, 0x0000000086800000| Untracked 
|  75|0x0000000086900000, 0x0000000086900000, 0x0000000086a00000|  0%| F|  |TAMS 0x0000000086900000, 0x0000000086900000| Untracked 
|  76|0x0000000086a00000, 0x0000000086a00000, 0x0000000086b00000|  0%| F|  |TAMS 0x0000000086a00000, 0x0000000086a00000| Untracked 
|  77|0x0000000086b00000, 0x0000000086b00000, 0x0000000086c00000|  0%| F|  |TAMS 0x0000000086b00000, 0x0000000086b00000| Untracked 
|  78|0x0000000086c00000, 0x0000000086c00000, 0x0000000086d00000|  0%| F|  |TAMS 0x0000000086c00000, 0x0000000086c00000| Untracked 
|  79|0x0000000086d00000, 0x0000000086d00000, 0x0000000086e00000|  0%| F|  |TAMS 0x0000000086d00000, 0x0000000086d00000| Untracked 
|  80|0x0000000086e00000, 0x0000000086e00000, 0x0000000086f00000|  0%| F|  |TAMS 0x0000000086e00000, 0x0000000086e00000| Untracked 
|  81|0x0000000086f00000, 0x0000000086f00000, 0x0000000087000000|  0%| F|  |TAMS 0x0000000086f00000, 0x0000000086f00000| Untracked 
|  82|0x0000000087000000, 0x0000000087000000, 0x0000000087100000|  0%| F|  |TAMS 0x0000000087000000, 0x0000000087000000| Untracked 
|  83|0x0000000087100000, 0x0000000087100000, 0x0000000087200000|  0%| F|  |TAMS 0x0000000087100000, 0x0000000087100000| Untracked 
|  84|0x0000000087200000, 0x0000000087200000, 0x0000000087300000|  0%| F|  |TAMS 0x0000000087200000, 0x0000000087200000| Untracked 
|  85|0x0000000087300000, 0x0000000087300000, 0x0000000087400000|  0%| F|  |TAMS 0x0000000087300000, 0x0000000087300000| Untracked 
|  86|0x0000000087400000, 0x0000000087400000, 0x0000000087500000|  0%| F|  |TAMS 0x0000000087400000, 0x0000000087400000| Untracked 
|  87|0x0000000087500000, 0x0000000087500000, 0x0000000087600000|  0%| F|  |TAMS 0x0000000087500000, 0x0000000087500000| Untracked 
|  88|0x0000000087600000, 0x0000000087600000, 0x0000000087700000|  0%| F|  |TAMS 0x0000000087600000, 0x0000000087600000| Untracked 
|  89|0x0000000087700000, 0x0000000087700000, 0x0000000087800000|  0%| F|  |TAMS 0x0000000087700000, 0x0000000087700000| Untracked 
|  90|0x0000000087800000, 0x0000000087800000, 0x0000000087900000|  0%| F|  |TAMS 0x0000000087800000, 0x0000000087800000| Untracked 
|  91|0x0000000087900000, 0x0000000087900000, 0x0000000087a00000|  0%| F|  |TAMS 0x0000000087900000, 0x0000000087900000| Untracked 
|  92|0x0000000087a00000, 0x0000000087a00000, 0x0000000087b00000|  0%| F|  |TAMS 0x0000000087a00000, 0x0000000087a00000| Untracked 
|  93|0x0000000087b00000, 0x0000000087b00000, 0x0000000087c00000|  0%| F|  |TAMS 0x0000000087b00000, 0x0000000087b00000| Untracked 
|  94|0x0000000087c00000, 0x0000000087c00000, 0x0000000087d00000|  0%| F|  |TAMS 0x0000000087c00000, 0x0000000087c00000| Untracked 
|  95|0x0000000087d00000, 0x0000000087d00000, 0x0000000087e00000|  0%| F|  |TAMS 0x0000000087d00000, 0x0000000087d00000| Untracked 
|  96|0x0000000087e00000, 0x0000000087e00000, 0x0000000087f00000|  0%| F|  |TAMS 0x0000000087e00000, 0x0000000087e00000| Untracked 
|  97|0x0000000087f00000, 0x0000000087f00000, 0x0000000088000000|  0%| F|  |TAMS 0x0000000087f00000, 0x0000000087f00000| Untracked 
|  98|0x0000000088000000, 0x0000000088000000, 0x0000000088100000|  0%| F|  |TAMS 0x0000000088000000, 0x0000000088000000| Untracked 
|  99|0x0000000088100000, 0x0000000088100000, 0x0000000088200000|  0%| F|  |TAMS 0x0000000088100000, 0x0000000088100000| Untracked 
| 100|0x0000000088200000, 0x0000000088200000, 0x0000000088300000|  0%| F|  |TAMS 0x0000000088200000, 0x0000000088200000| Untracked 
| 101|0x0000000088300000, 0x0000000088300000, 0x0000000088400000|  0%| F|  |TAMS 0x0000000088300000, 0x0000000088300000| Untracked 
| 102|0x0000000088400000, 0x0000000088400000, 0x0000000088500000|  0%| F|  |TAMS 0x0000000088400000, 0x0000000088400000| Untracked 
| 103|0x0000000088500000, 0x0000000088500000, 0x0000000088600000|  0%| F|  |TAMS 0x0000000088500000, 0x0000000088500000| Untracked 
| 104|0x0000000088600000, 0x0000000088600000, 0x0000000088700000|  0%| F|  |TAMS 0x0000000088600000, 0x0000000088600000| Untracked 
| 105|0x0000000088700000, 0x0000000088700000, 0x0000000088800000|  0%| F|  |TAMS 0x0000000088700000, 0x0000000088700000| Untracked 
| 106|0x0000000088800000, 0x0000000088800000, 0x0000000088900000|  0%| F|  |TAMS 0x0000000088800000, 0x0000000088800000| Untracked 
| 107|0x0000000088900000, 0x0000000088900000, 0x0000000088a00000|  0%| F|  |TAMS 0x0000000088900000, 0x0000000088900000| Untracked 
| 108|0x0000000088a00000, 0x0000000088a00000, 0x0000000088b00000|  0%| F|  |TAMS 0x0000000088a00000, 0x0000000088a00000| Untracked 
| 109|0x0000000088b00000, 0x0000000088b00000, 0x0000000088c00000|  0%| F|  |TAMS 0x0000000088b00000, 0x0000000088b00000| Untracked 
| 110|0x0000000088c00000, 0x0000000088c00000, 0x0000000088d00000|  0%| F|  |TAMS 0x0000000088c00000, 0x0000000088c00000| Untracked 
| 111|0x0000000088d00000, 0x0000000088d00000, 0x0000000088e00000|  0%| F|  |TAMS 0x0000000088d00000, 0x0000000088d00000| Untracked 
| 112|0x0000000088e00000, 0x0000000088e00000, 0x0000000088f00000|  0%| F|  |TAMS 0x0000000088e00000, 0x0000000088e00000| Untracked 
| 113|0x0000000088f00000, 0x0000000088f00000, 0x0000000089000000|  0%| F|  |TAMS 0x0000000088f00000, 0x0000000088f00000| Untracked 
| 114|0x0000000089000000, 0x0000000089000000, 0x0000000089100000|  0%| F|  |TAMS 0x0000000089000000, 0x0000000089000000| Untracked 
| 115|0x0000000089100000, 0x0000000089100000, 0x0000000089200000|  0%| F|  |TAMS 0x0000000089100000, 0x0000000089100000| Untracked 
| 116|0x0000000089200000, 0x0000000089200000, 0x0000000089300000|  0%| F|  |TAMS 0x0000000089200000, 0x0000000089200000| Untracked 
| 117|0x0000000089300000, 0x0000000089300000, 0x0000000089400000|  0%| F|  |TAMS 0x0000000089300000, 0x0000000089300000| Untracked 
| 118|0x0000000089400000, 0x0000000089400000, 0x0000000089500000|  0%| F|  |TAMS 0x0000000089400000, 0x0000000089400000| Untracked 
| 119|0x0000000089500000, 0x0000000089500000, 0x0000000089600000|  0%| F|  |TAMS 0x0000000089500000, 0x0000000089500000| Untracked 
| 120|0x0000000089600000, 0x0000000089600000, 0x0000000089700000|  0%| F|  |TAMS 0x0000000089600000, 0x0000000089600000| Untracked 
| 121|0x0000000089700000, 0x0000000089700000, 0x0000000089800000|  0%| F|  |TAMS 0x0000000089700000, 0x0000000089700000| Untracked 
| 122|0x0000000089800000, 0x0000000089880c10, 0x0000000089900000| 50%| E|  |TAMS 0x0000000089800000, 0x0000000089800000| Complete 
| 123|0x0000000089900000, 0x0000000089a00000, 0x0000000089a00000|100%| E|CS|TAMS 0x0000000089900000, 0x0000000089900000| Complete 
| 124|0x0000000089a00000, 0x0000000089b00000, 0x0000000089b00000|100%| E|CS|TAMS 0x0000000089a00000, 0x0000000089a00000| Complete 
| 125|0x0000000089b00000, 0x0000000089c00000, 0x0000000089c00000|100%| E|CS|TAMS 0x0000000089b00000, 0x0000000089b00000| Complete 
| 126|0x0000000089c00000, 0x0000000089d00000, 0x0000000089d00000|100%| E|CS|TAMS 0x0000000089c00000, 0x0000000089c00000| Complete 
| 127|0x0000000089d00000, 0x0000000089e00000, 0x0000000089e00000|100%| E|CS|TAMS 0x0000000089d00000, 0x0000000089d00000| Complete 
| 128|0x0000000089e00000, 0x0000000089f00000, 0x0000000089f00000|100%| E|CS|TAMS 0x0000000089e00000, 0x0000000089e00000| Complete 
| 129|0x0000000089f00000, 0x000000008a000000, 0x000000008a000000|100%| E|CS|TAMS 0x0000000089f00000, 0x0000000089f00000| Complete 
| 130|0x000000008a000000, 0x000000008a100000, 0x000000008a100000|100%| E|CS|TAMS 0x000000008a000000, 0x000000008a000000| Complete 
| 131|0x000000008a100000, 0x000000008a200000, 0x000000008a200000|100%| E|CS|TAMS 0x000000008a100000, 0x000000008a100000| Complete 
| 132|0x000000008a200000, 0x000000008a300000, 0x000000008a300000|100%| E|CS|TAMS 0x000000008a200000, 0x000000008a200000| Complete 
| 133|0x000000008a300000, 0x000000008a400000, 0x000000008a400000|100%| E|CS|TAMS 0x000000008a300000, 0x000000008a300000| Complete 
| 134|0x000000008a400000, 0x000000008a500000, 0x000000008a500000|100%| E|CS|TAMS 0x000000008a400000, 0x000000008a400000| Complete 
| 135|0x000000008a500000, 0x000000008a600000, 0x000000008a600000|100%| E|CS|TAMS 0x000000008a500000, 0x000000008a500000| Complete 
| 136|0x000000008a600000, 0x000000008a700000, 0x000000008a700000|100%| E|CS|TAMS 0x000000008a600000, 0x000000008a600000| Complete 
| 137|0x000000008a700000, 0x000000008a800000, 0x000000008a800000|100%| E|CS|TAMS 0x000000008a700000, 0x000000008a700000| Complete 
| 138|0x000000008a800000, 0x000000008a900000, 0x000000008a900000|100%| E|CS|TAMS 0x000000008a800000, 0x000000008a800000| Complete 
| 139|0x000000008a900000, 0x000000008aa00000, 0x000000008aa00000|100%| E|CS|TAMS 0x000000008a900000, 0x000000008a900000| Complete 
| 140|0x000000008aa00000, 0x000000008ab00000, 0x000000008ab00000|100%| E|CS|TAMS 0x000000008aa00000, 0x000000008aa00000| Complete 
| 141|0x000000008ab00000, 0x000000008ac00000, 0x000000008ac00000|100%| E|CS|TAMS 0x000000008ab00000, 0x000000008ab00000| Complete 
| 142|0x000000008ac00000, 0x000000008ad00000, 0x000000008ad00000|100%| E|CS|TAMS 0x000000008ac00000, 0x000000008ac00000| Complete 
| 143|0x000000008ad00000, 0x000000008ae00000, 0x000000008ae00000|100%| E|CS|TAMS 0x000000008ad00000, 0x000000008ad00000| Complete 
| 144|0x000000008ae00000, 0x000000008af00000, 0x000000008af00000|100%| E|CS|TAMS 0x000000008ae00000, 0x000000008ae00000| Complete 
| 145|0x000000008af00000, 0x000000008b000000, 0x000000008b000000|100%| E|CS|TAMS 0x000000008af00000, 0x000000008af00000| Complete 
| 146|0x000000008b000000, 0x000000008b100000, 0x000000008b100000|100%| E|CS|TAMS 0x000000008b000000, 0x000000008b000000| Complete 
| 147|0x000000008b100000, 0x000000008b200000, 0x000000008b200000|100%| E|CS|TAMS 0x000000008b100000, 0x000000008b100000| Complete 
| 148|0x000000008b200000, 0x000000008b300000, 0x000000008b300000|100%| E|CS|TAMS 0x000000008b200000, 0x000000008b200000| Complete 
| 149|0x000000008b300000, 0x000000008b400000, 0x000000008b400000|100%| E|CS|TAMS 0x000000008b300000, 0x000000008b300000| Complete 
| 150|0x000000008b400000, 0x000000008b500000, 0x000000008b500000|100%| E|CS|TAMS 0x000000008b400000, 0x000000008b400000| Complete 
| 151|0x000000008b500000, 0x000000008b600000, 0x000000008b600000|100%| E|CS|TAMS 0x000000008b500000, 0x000000008b500000| Complete 
| 152|0x000000008b600000, 0x000000008b700000, 0x000000008b700000|100%| E|CS|TAMS 0x000000008b600000, 0x000000008b600000| Complete 
| 153|0x000000008b700000, 0x000000008b800000, 0x000000008b800000|100%| E|CS|TAMS 0x000000008b700000, 0x000000008b700000| Complete 

Card table byte_map: [0x0000021cebf90000,0x0000021cec390000] _byte_map_base: 0x0000021cebb81000

Marking Bits (Prev, Next): (CMBitMap*) 0x0000021cd458b5e8, (CMBitMap*) 0x0000021cd458b620
 Prev Bits: [0x0000021cec790000, 0x0000021cee718000)
 Next Bits: [0x0000021cee720000, 0x0000021cf06a8000)

Polling page: 0x0000021cd3d10000

Metaspace:

Usage:
  Non-class:     42.13 MB capacity,    41.48 MB ( 98%) used,   528.11 KB (  1%) free+waste,   132.69 KB ( <1%) overhead. 
      Class:      6.17 MB capacity,     5.75 MB ( 93%) used,   363.77 KB (  6%) free+waste,    61.88 KB ( <1%) overhead. 
       Both:     48.29 MB capacity,    47.23 MB ( 98%) used,   891.88 KB (  2%) free+waste,   194.56 KB ( <1%) overhead. 

Virtual space:
  Non-class space:       44.00 MB reserved,      42.17 MB ( 96%) committed 
      Class space:        1.00 GB reserved,       6.25 MB ( <1%) committed 
             Both:        1.04 GB reserved,      48.42 MB (  5%) committed 

Chunk freelists:
   Non-Class:  5.50 KB
       Class:  2.75 KB
        Both:  8.25 KB

CodeHeap 'non-profiled nmethods': size=120000Kb used=2388Kb max_used=2388Kb free=117611Kb
 bounds [0x0000021ce4330000, 0x0000021ce45a0000, 0x0000021ceb860000]
CodeHeap 'profiled nmethods': size=120000Kb used=9081Kb max_used=9081Kb free=110918Kb
 bounds [0x0000021cdce00000, 0x0000021cdd6e0000, 0x0000021ce4330000]
CodeHeap 'non-nmethods': size=5760Kb used=1185Kb max_used=1236Kb free=4574Kb
 bounds [0x0000021cdc860000, 0x0000021cdcad0000, 0x0000021cdce00000]
 total_blobs=5675 nmethods=4019 adapters=442
 compilation: enabled
              stopped_count=0, restarted_count=0
 full_count=0

Compilation events (10 events):
Event: 5.736 Thread 0x0000021cf313d000 nmethod 4039 0x0000021cdd6b4f90 code [0x0000021cdd6b5160, 0x0000021cdd6b5510]
Event: 5.736 Thread 0x0000021cf313d000 4040       3       java.nio.HeapByteBuffer::<init> (29 bytes)
Event: 5.736 Thread 0x0000021cf313d000 nmethod 4040 0x0000021cdd6b5690 code [0x0000021cdd6b5840, 0x0000021cdd6b5a30]
Event: 5.736 Thread 0x0000021cf313d000 4041       3       oracle.net.ano.AnoCommNIO::c (39 bytes)
Event: 5.737 Thread 0x0000021cf313d000 nmethod 4041 0x0000021cdd6b5b10 code [0x0000021cdd6b5d40, 0x0000021cdd6b64d0]
Event: 5.740 Thread 0x0000021cf313d000 4042       3       sun.nio.ch.Util::isBufferTooLarge (15 bytes)
Event: 5.740 Thread 0x0000021cf313d000 nmethod 4042 0x0000021cdd6b6810 code [0x0000021cdd6b69c0, 0x0000021cdd6b6b78]
Event: 5.742 Thread 0x0000021cf313d000 4043       3       java.nio.CharBuffer::array (35 bytes)
Event: 5.742 Thread 0x0000021cf313d000 nmethod 4043 0x0000021cdd6b6c10 code [0x0000021cdd6b6e00, 0x0000021cdd6b7120]
Event: 5.758 Thread 0x0000021cf313d000 4044   !   3       java.lang.Class::newInstance (160 bytes)

GC Heap History (10 events):
Event: 2.053 GC heap before
{Heap before GC invocations=3 (full 0):
 garbage-first heap   total 131072K, used 28253K [0x0000000081e00000, 0x0000000100000000)
  region size 1024K, 24 young (24576K), 5 survivors (5120K)
 Metaspace       used 24293K, capacity 24817K, committed 25088K, reserved 1071104K
  class space    used 2780K, capacity 2961K, committed 3072K, reserved 1048576K
}
Event: 2.063 GC heap after
{Heap after GC invocations=4 (full 0):
 garbage-first heap   total 131072K, used 9387K [0x0000000081e00000, 0x0000000100000000)
  region size 1024K, 1 young (1024K), 1 survivors (1024K)
 Metaspace       used 24293K, capacity 24817K, committed 25088K, reserved 1071104K
  class space    used 2780K, capacity 2961K, committed 3072K, reserved 1048576K
}
Event: 2.394 GC heap before
{Heap before GC invocations=4 (full 0):
 garbage-first heap   total 131072K, used 64683K [0x0000000081e00000, 0x0000000100000000)
  region size 1024K, 56 young (57344K), 1 survivors (1024K)
 Metaspace       used 26898K, capacity 27450K, committed 27776K, reserved 1073152K
  class space    used 3116K, capacity 3353K, committed 3456K, reserved 1048576K
}
Event: 2.396 GC heap after
{Heap after GC invocations=5 (full 0):
 garbage-first heap   total 131072K, used 10093K [0x0000000081e00000, 0x0000000100000000)
  region size 1024K, 2 young (2048K), 2 survivors (2048K)
 Metaspace       used 26898K, capacity 27450K, committed 27776K, reserved 1073152K
  class space    used 3116K, capacity 3353K, committed 3456K, reserved 1048576K
}
Event: 3.304 GC heap before
{Heap before GC invocations=5 (full 0):
 garbage-first heap   total 131072K, used 72557K [0x0000000081e00000, 0x0000000100000000)
  region size 1024K, 63 young (64512K), 2 survivors (2048K)
 Metaspace       used 33348K, capacity 34164K, committed 34304K, reserved 1079296K
  class space    used 3963K, capacity 4335K, committed 4352K, reserved 1048576K
}
Event: 3.309 GC heap after
{Heap after GC invocations=6 (full 0):
 garbage-first heap   total 131072K, used 13016K [0x0000000081e00000, 0x0000000100000000)
  region size 1024K, 5 young (5120K), 5 survivors (5120K)
 Metaspace       used 33348K, capacity 34164K, committed 34304K, reserved 1079296K
  class space    used 3963K, capacity 4335K, committed 4352K, reserved 1048576K
}
Event: 3.985 GC heap before
{Heap before GC invocations=6 (full 0):
 garbage-first heap   total 131072K, used 20184K [0x0000000081e00000, 0x0000000100000000)
  region size 1024K, 13 young (13312K), 5 survivors (5120K)
 Metaspace       used 34722K, capacity 35550K, committed 35628K, reserved 1081344K
  class space    used 4110K, capacity 4478K, committed 4480K, reserved 1048576K
}
Event: 3.995 GC heap after
{Heap after GC invocations=7 (full 0):
 garbage-first heap   total 131072K, used 13702K [0x0000000081e00000, 0x0000000100000000)
  region size 1024K, 5 young (5120K), 5 survivors (5120K)
 Metaspace       used 34722K, capacity 35550K, committed 35628K, reserved 1081344K
  class space    used 4110K, capacity 4478K, committed 4480K, reserved 1048576K
}
Event: 4.872 GC heap before
{Heap before GC invocations=8 (full 0):
 garbage-first heap   total 131072K, used 80262K [0x0000000081e00000, 0x0000000100000000)
  region size 1024K, 71 young (72704K), 5 survivors (5120K)
 Metaspace       used 41468K, capacity 42512K, committed 42668K, reserved 1087488K
  class space    used 4865K, capacity 5287K, committed 5376K, reserved 1048576K
}
Event: 4.898 GC heap after
{Heap after GC invocations=9 (full 0):
 garbage-first heap   total 157696K, used 15686K [0x0000000081e00000, 0x0000000100000000)
  region size 1024K, 7 young (7168K), 7 survivors (7168K)
 Metaspace       used 41468K, capacity 42512K, committed 42668K, reserved 1087488K
  class space    used 4865K, capacity 5287K, committed 5376K, reserved 1048576K
}

Deoptimization events (10 events):
Event: 5.302 Thread 0x0000021cd454d800 Uncommon trap: reason=speculate_class_check action=maybe_recompile pc=0x0000021ce4550b8c method=java.util.zip.InflaterInputStream.read([BII)I @ 100 c2
Event: 5.306 Thread 0x0000021cd454d800 Uncommon trap: reason=speculate_class_check action=maybe_recompile pc=0x0000021ce4550b8c method=java.util.zip.InflaterInputStream.read([BII)I @ 100 c2
Event: 5.306 Thread 0x0000021cd454d800 Uncommon trap: reason=speculate_class_check action=maybe_recompile pc=0x0000021ce4550b8c method=java.util.zip.InflaterInputStream.read([BII)I @ 100 c2
Event: 5.338 Thread 0x0000021cd454d800 Uncommon trap: reason=unstable_if action=reinterpret pc=0x0000021ce43e50b4 method=java.net.URL.<init>(Ljava/net/URL;Ljava/lang/String;Ljava/net/URLStreamHandler;)V @ 57 c2
Event: 5.443 Thread 0x0000021cf9594800 Uncommon trap: reason=class_check action=maybe_recompile pc=0x0000021ce454f3e0 method=sun.security.provider.DigestBase.engineDigest([BII)I @ 97 c2
Event: 5.443 Thread 0x0000021cf9594800 Uncommon trap: reason=class_check action=maybe_recompile pc=0x0000021ce454ae90 method=sun.security.provider.DigestBase.engineReset()V @ 11 c2
Event: 5.444 Thread 0x0000021cf9594800 Uncommon trap: reason=class_check action=maybe_recompile pc=0x0000021ce454f3e0 method=sun.security.provider.DigestBase.engineDigest([BII)I @ 97 c2
Event: 5.444 Thread 0x0000021cf9594800 Uncommon trap: reason=class_check action=maybe_recompile pc=0x0000021ce454f3e0 method=sun.security.provider.DigestBase.engineDigest([BII)I @ 97 c2
Event: 5.444 Thread 0x0000021cf9594800 Uncommon trap: reason=class_check action=maybe_recompile pc=0x0000021ce454f3e0 method=sun.security.provider.DigestBase.engineDigest([BII)I @ 97 c2
Event: 5.668 Thread 0x0000021cd454d800 Uncommon trap: reason=array_check action=maybe_recompile pc=0x0000021ce455482c method=java.util.AbstractCollection.toArray([Ljava/lang/Object;)[Ljava/lang/Object; @ 116 c2

Classes redefined (0 events):
No events

Internal exceptions (10 events):
Event: 4.631 Thread 0x0000021cd454d800 Exception <a 'java/lang/NullPointerException'{0x0000000085d00158}> (0x0000000085d00158) thrown at [t:/workspace/open/src/hotspot/share/runtime/sharedRuntime.cpp, line 584]
Event: 4.632 Thread 0x0000021cd454d800 Implicit null exception at 0x0000021cdd3303b5 to 0x0000021cdd33093b
Event: 4.632 Thread 0x0000021cd454d800 Exception <a 'java/lang/NullPointerException'{0x0000000085d01948}> (0x0000000085d01948) thrown at [t:/workspace/open/src/hotspot/share/runtime/sharedRuntime.cpp, line 584]
Event: 4.632 Thread 0x0000021cd454d800 Implicit null exception at 0x0000021cdd3303b5 to 0x0000021cdd33093b
Event: 4.632 Thread 0x0000021cd454d800 Exception <a 'java/lang/NullPointerException'{0x0000000085d027d0}> (0x0000000085d027d0) thrown at [t:/workspace/open/src/hotspot/share/runtime/sharedRuntime.cpp, line 584]
Event: 4.728 Thread 0x0000021cd454d800 Implicit null exception at 0x0000021ce4495dac to 0x0000021ce4495dde
Event: 4.863 Thread 0x0000021cd454d800 Exception <a 'java/lang/NoSuchMethodError'{0x00000000857c5fe8}: java.lang.invoke.DirectMethodHandle$Holder.invokeStaticInit(Ljava/lang/Object;Ljava/lang/Object;Ljava/lang/Object;Ljava/lang/Object;)I> (0x00000000857c5fe8) thrown at [t:/workspace/open/src/h
Event: 4.870 Thread 0x0000021cd454d800 Exception <a 'sun/nio/fs/WindowsException'{0x00000000857f8938}> (0x00000000857f8938) thrown at [t:/workspace/open/src/hotspot/share/prims/jni.cpp, line 615]
Event: 5.026 Thread 0x0000021cd454d800 Exception <a 'java/lang/NoSuchMethodError'{0x000000008b433260}: java.lang.invoke.DirectMethodHandle$Holder.invokeVirtual(Ljava/lang/Object;Ljava/lang/Object;I)Ljava/lang/Object;> (0x000000008b433260) thrown at [t:/workspace/open/src/hotspot/share/interpre
Event: 5.306 Thread 0x0000021cd454d800 Exception <a 'java/lang/NoSuchMethodError'{0x000000008af5d110}: java.lang.invoke.DirectMethodHandle$Holder.invokeStaticInit(Ljava/lang/Object;Ljava/lang/Object;Ljava/lang/Object;Ljava/lang/Object;)Ljava/lang/Object;> (0x000000008af5d110) thrown at [t:/wor

Events (10 events):
Event: 5.757 loading class org/hibernate/cache/internal/StrategyCreatorRegionFactoryImpl
Event: 5.757 loading class org/hibernate/cache/internal/StrategyCreatorRegionFactoryImpl done
Event: 5.758 loading class org/hibernate/cache/internal/NoCachingRegionFactory
Event: 5.758 loading class org/hibernate/cache/internal/NoCachingRegionFactory done
Event: 5.758 loading class org/hibernate/cache/spi/CacheTransactionSynchronization
Event: 5.758 loading class org/hibernate/cache/spi/CacheTransactionSynchronization done
Event: 5.759 loading class org/hibernate/cache/NoCacheRegionFactoryAvailableException
Event: 5.759 loading class org/hibernate/cache/NoCacheRegionFactoryAvailableException done
Event: 5.759 loading class org/hibernate/boot/spi/SessionFactoryOptions
Event: 5.759 loading class org/hibernate/boot/spi/SessionFactoryOptions done


Dynamic libraries:
0x00007ff7c5630000 - 0x00007ff7c5677000 	C:\Program Files\Java\jdk-11.0.1\bin\java.exe
0x00007fff0b1c0000 - 0x00007fff0b3ad000 	C:\WINDOWS\SYSTEM32\ntdll.dll
0x00007ffec7200000 - 0x00007ffec7214000 	F:\Programms\avast\aswhook.dll
0x00007fff083e0000 - 0x00007fff08493000 	C:\WINDOWS\System32\KERNEL32.DLL
0x00007fff080d0000 - 0x00007fff08363000 	C:\WINDOWS\System32\KERNELBASE.dll
0x00007fff086a0000 - 0x00007fff08743000 	C:\WINDOWS\System32\ADVAPI32.dll
0x00007fff08970000 - 0x00007fff08a0e000 	C:\WINDOWS\System32\msvcrt.dll
0x00007fff0af40000 - 0x00007fff0afde000 	C:\WINDOWS\System32\sechost.dll
0x00007fff0ae10000 - 0x00007fff0af32000 	C:\WINDOWS\System32\RPCRT4.dll
0x00007fff0ab20000 - 0x00007fff0acb7000 	C:\WINDOWS\System32\USER32.dll
0x00007fff08030000 - 0x00007fff08050000 	C:\WINDOWS\System32\win32u.dll
0x00007fff084a0000 - 0x00007fff084c9000 	C:\WINDOWS\System32\GDI32.dll
0x00007fff07d90000 - 0x00007fff07f29000 	C:\WINDOWS\System32\gdi32full.dll
0x00007fff07f30000 - 0x00007fff07fd0000 	C:\WINDOWS\System32\msvcp_win.dll
0x00007fff07c90000 - 0x00007fff07d8a000 	C:\WINDOWS\System32\ucrtbase.dll
0x00007ffefa100000 - 0x00007ffefa379000 	C:\WINDOWS\WinSxS\amd64_microsoft.windows.common-controls_6595b64144ccf1df_6.0.17763.973_none_05b245900721eb81\COMCTL32.dll
0x00007fff09f10000 - 0x00007fff0a23c000 	C:\WINDOWS\System32\combase.dll
0x00007fff08050000 - 0x00007fff080ce000 	C:\WINDOWS\System32\bcryptPrimitives.dll
0x00007fff03380000 - 0x00007fff0338a000 	C:\WINDOWS\SYSTEM32\VERSION.dll
0x00007fff0a8d0000 - 0x00007fff0a8fe000 	C:\WINDOWS\System32\IMM32.DLL
0x00007fff03770000 - 0x00007fff03786000 	C:\Program Files\Java\jdk-11.0.1\bin\vcruntime140.dll
0x00007ffed0600000 - 0x00007ffed06aa000 	C:\Program Files\Java\jdk-11.0.1\bin\msvcp140.dll
0x00007ffecc1a0000 - 0x00007ffeccce2000 	C:\Program Files\Java\jdk-11.0.1\bin\server\jvm.dll
0x00007fff08800000 - 0x00007fff08808000 	C:\WINDOWS\System32\PSAPI.DLL
0x00007ffef4600000 - 0x00007ffef4609000 	C:\WINDOWS\SYSTEM32\WSOCK32.dll
0x00007fff0ada0000 - 0x00007fff0ae0d000 	C:\WINDOWS\System32\WS2_32.dll
0x00007fff04fe0000 - 0x00007fff05004000 	C:\WINDOWS\SYSTEM32\WINMM.dll
0x00007fff04e40000 - 0x00007fff04e6d000 	C:\WINDOWS\SYSTEM32\WINMMBASE.dll
0x00007fff08370000 - 0x00007fff083ba000 	C:\WINDOWS\System32\cfgmgr32.dll
0x00007fff071b0000 - 0x00007fff071c1000 	C:\WINDOWS\System32\kernel.appcore.dll
0x00007fff03450000 - 0x00007fff03461000 	C:\Program Files\Java\jdk-11.0.1\bin\verify.dll
0x00007ffefa870000 - 0x00007ffefaa5d000 	C:\WINDOWS\SYSTEM32\DBGHELP.DLL
0x00007ffefa840000 - 0x00007ffefa86a000 	C:\WINDOWS\SYSTEM32\dbgcore.DLL
0x00007fff02110000 - 0x00007fff02139000 	C:\Program Files\Java\jdk-11.0.1\bin\java.dll
0x00007ffef97b0000 - 0x00007ffef97df000 	C:\Program Files\Java\jdk-11.0.1\bin\instrument.dll
0x00007fff02320000 - 0x00007fff02336000 	C:\Program Files\Java\jdk-11.0.1\bin\zip.dll
0x00007fff05020000 - 0x00007fff0502a000 	C:\Program Files\Java\jdk-11.0.1\bin\jimage.dll
0x00007fff08a10000 - 0x00007fff09f04000 	C:\WINDOWS\System32\SHELL32.dll
0x00007fff0a6f0000 - 0x00007fff0a798000 	C:\WINDOWS\System32\shcore.dll
0x00007fff07540000 - 0x00007fff07c8d000 	C:\WINDOWS\System32\windows.storage.dll
0x00007fff07230000 - 0x00007fff07254000 	C:\WINDOWS\System32\profapi.dll
0x00007fff071d0000 - 0x00007fff0722d000 	C:\WINDOWS\System32\powrprof.dll
0x00007fff0a910000 - 0x00007fff0a962000 	C:\WINDOWS\System32\shlwapi.dll
0x00007fff083c0000 - 0x00007fff083d7000 	C:\WINDOWS\System32\cryptsp.dll
0x00007fff00eb0000 - 0x00007fff00ec9000 	C:\Program Files\Java\jdk-11.0.1\bin\net.dll
0x00007ffefaa60000 - 0x00007ffefab52000 	C:\WINDOWS\SYSTEM32\WINHTTP.dll
0x00007fff06a20000 - 0x00007fff06a87000 	C:\WINDOWS\system32\mswsock.dll
0x00007fff00ba0000 - 0x00007fff00bb3000 	C:\Program Files\Java\jdk-11.0.1\bin\nio.dll
0x00007ffef8cf0000 - 0x00007ffef8d0a000 	F:\Programms\IntelliJ IDEA 2018.3\bin\breakgen64.dll
0x00007fff039a0000 - 0x00007fff039a9000 	C:\Program Files\Java\jdk-11.0.1\bin\management.dll
0x00007fff037b0000 - 0x00007fff037bc000 	C:\Program Files\Java\jdk-11.0.1\bin\management_ext.dll
0x00007ffed9790000 - 0x00007ffed97a6000 	C:\WINDOWS\system32\napinsp.dll
0x00007ffed9770000 - 0x00007ffed978a000 	C:\WINDOWS\system32\pnrpnsp.dll
0x00007fff06780000 - 0x00007fff06846000 	C:\WINDOWS\SYSTEM32\DNSAPI.dll
0x00007fff0a6e0000 - 0x00007fff0a6e8000 	C:\WINDOWS\System32\NSI.dll
0x00007fff06740000 - 0x00007fff0677d000 	C:\WINDOWS\SYSTEM32\IPHLPAPI.DLL
0x00007ffed9760000 - 0x00007ffed976e000 	C:\WINDOWS\System32\winrnr.dll
0x00007fff03660000 - 0x00007fff0367b000 	C:\WINDOWS\system32\NLAapi.dll
0x00007ffed9740000 - 0x00007ffed9755000 	C:\WINDOWS\system32\wshbth.dll
0x000000005ed50000 - 0x000000005ed76000 	C:\Program Files\Bonjour\mdnsNSP.dll
0x00007fff00490000 - 0x00007fff0049a000 	C:\Windows\System32\rasadhlp.dll
0x00007ffef9ef0000 - 0x00007ffef9f69000 	C:\WINDOWS\System32\fwpuclnt.dll
0x00007fff07280000 - 0x00007fff072a6000 	C:\WINDOWS\System32\bcrypt.dll
0x00007fff065a0000 - 0x00007fff065d3000 	C:\WINDOWS\system32\rsaenh.dll
0x00007fff070b0000 - 0x00007fff070d8000 	C:\WINDOWS\SYSTEM32\USERENV.dll
0x00007fff06bf0000 - 0x00007fff06bfc000 	C:\WINDOWS\SYSTEM32\CRYPTBASE.dll
0x00007fff02fd0000 - 0x00007fff02fe6000 	C:\WINDOWS\SYSTEM32\dhcpcsvc6.DLL
0x00007fff02e30000 - 0x00007fff02e4c000 	C:\WINDOWS\SYSTEM32\dhcpcsvc.DLL
0x00007fff02630000 - 0x00007fff0263d000 	C:\Program Files\Java\jdk-11.0.1\bin\sunmscapi.dll
0x00007fff07360000 - 0x00007fff0753c000 	C:\WINDOWS\System32\CRYPT32.dll
0x00007fff07260000 - 0x00007fff07272000 	C:\WINDOWS\System32\MSASN1.dll
0x00007fff06cf0000 - 0x00007fff06d16000 	C:\WINDOWS\SYSTEM32\ncrypt.dll
0x00007fff06cb0000 - 0x00007fff06cec000 	C:\WINDOWS\SYSTEM32\NTASN1.dll
0x00007ffef88e0000 - 0x00007ffef8907000 	C:\Program Files\Java\jdk-11.0.1\bin\sunec.dll

dbghelp: loaded successfully - version: 4.0.5 - missing functions: none
symbol engine: initialized successfully - sym options: 0x614 - pdb path: .;C:\Program Files\Java\jdk-11.0.1\bin;C:\WINDOWS\SYSTEM32;F:\Programms\avast;C:\WINDOWS\WinSxS\amd64_microsoft.windows.common-controls_6595b64144ccf1df_6.0.17763.973_none_05b245900721eb81;C:\Program Files\Java\jdk-11.0.1\bin\server;F:\Programms\IntelliJ IDEA 2018.3\bin;C:\Program Files\Bonjour

VM Arguments:
jvm_args: -javaagent:F:\Programms\IntelliJ IDEA 2018.3\lib\idea_rt.jar=55476:F:\Programms\IntelliJ IDEA 2018.3\bin -Dfile.encoding=UTF-8 
java_command: nanaev.backend.webrest.init.EnrtyPoint
java_class_path (initial): F:\Учеба\JAVA\webproject\target\classes;C:\Users\Максим\.m2\repository\org\springframework\boot\spring-boot-starter-data-jpa\2.2.4.RELEASE\spring-boot-starter-data-jpa-2.2.4.RELEASE.jar;C:\Users\Максим\.m2\repository\org\springframework\boot\spring-boot-starter-aop\2.2.4.RELEASE\spring-boot-starter-aop-2.2.4.RELEASE.jar;C:\Users\Максим\.m2\repository\org\springframework\spring-aop\5.2.3.RELEASE\spring-aop-5.2.3.RELEASE.jar;C:\Users\Максим\.m2\repository\org\aspectj\aspectjweaver\1.9.5\aspectjweaver-1.9.5.jar;C:\Users\Максим\.m2\repository\org\springframework\boot\spring-boot-starter-jdbc\2.2.4.RELEASE\spring-boot-starter-jdbc-2.2.4.RELEASE.jar;C:\Users\Максим\.m2\repository\com\zaxxer\HikariCP\3.4.2\HikariCP-3.4.2.jar;C:\Users\Максим\.m2\repository\org\springframework\spring-jdbc\5.2.3.RELEASE\spring-jdbc-5.2.3.RELEASE.jar;C:\Users\Максим\.m2\repository\jakarta\activation\jakarta.activation-api\1.2.1\jakarta.activation-api-1.2.1.jar;C:\Users\Максим\.m2\repository\jakarta\persistence\jakarta.persistence-api\2.2.3\jakarta.persistence-api-2.2.3.jar;C:\Users\Максим\.m2\repository\jakarta\transaction\jakarta.transaction-api\1.3.3\jakarta.transaction-api-1.3.3.jar;C:\Users\Максим\.m2\repository\org\hibernate\hibernate-core\5.4.10.Final\hibernate-core-5.4.10.Final.jar;C:\Users\Максим\.m2\repository\org\jboss\logging\jboss-logging\3.3.2.Final\jboss-logging-3.3.2.Final.jar;C:\Users\Максим\.m2\repository\org\javassist\javassist\3.24.0-GA\javassist-3.24.0-GA.jar;C:\Users\Максим\.m2\repository\net\bytebuddy\byte-buddy\1.10.2\byte-buddy-1.10.2.jar;C:\Users\Максим\.m2\repository\antlr\antlr\2.7.7\antlr-2.7.7.jar;C:\Users\Максим\.m2\repository\org\jboss\jandex\2.1.1.Final\jandex-2.1.1.Final.jar;C:\Users\Максим\.m2\repository\com\fasterxml\classmate\1.5.1\classmate-1.5.1.jar;C:\Users\Максим\.m2\repository\org\dom4j\dom4j\2.1.1\dom4j-2.1.1.jar;C:\Users\Максим\.m2\repository\org\hibernate\common\hibernate-commons-annotations\5.1.0.Final\hibernate-commons-
Launcher Type: SUN_STANDARD

[Global flags]
     intx CICompilerCount                          = 4                                         {product} {ergonomic}
     uint ConcGCThreads                            = 2                                         {product} {ergonomic}
     uint G1ConcRefinementThreads                  = 8                                         {product} {ergonomic}
   size_t G1HeapRegionSize                         = 1048576                                   {product} {ergonomic}
    uintx GCDrainStackTargetSize                   = 64                                        {product} {ergonomic}
   size_t InitialHeapSize                          = 134217728                                 {product} {ergonomic}
   size_t MarkStackSize                            = 4194304                                   {product} {ergonomic}
   size_t MaxHeapSize                              = 2116026368                                {product} {ergonomic}
   size_t MaxNewSize                               = 1268776960                                {product} {ergonomic}
   size_t MinHeapDeltaBytes                        = 1048576                                   {product} {ergonomic}
    uintx NonNMethodCodeHeapSize                   = 5835340                                {pd product} {ergonomic}
    uintx NonProfiledCodeHeapSize                  = 122911450                              {pd product} {ergonomic}
    uintx ProfiledCodeHeapSize                     = 122911450                              {pd product} {ergonomic}
    uintx ReservedCodeCacheSize                    = 251658240                              {pd product} {ergonomic}
     bool SegmentedCodeCache                       = true                                      {product} {ergonomic}
     bool UseCompressedClassPointers               = true                                 {lp64_product} {ergonomic}
     bool UseCompressedOops                        = true                                 {lp64_product} {ergonomic}
     bool UseG1GC                                  = true                                      {product} {ergonomic}
     bool UseLargePagesIndividualAllocation        = false                                  {pd product} {ergonomic}

Logging:
Log output configuration:
 #0: stdout all=warning uptime,level,tags
 #1: stderr all=off uptime,level,tags

Environment Variables:
JAVA_HOME=C:\Program Files\Java\jdk-11.0.1
PATH=F:\Programms\OracleXE\dbhomeXE\bin;C:\Program Files (x86)\Common Files\Oracle\Java\javapath;C:\Windows\system32;C:\Windows;C:\Windows\System32\Wbem;C:\Windows\System32\WindowsPowerShell\v1.0\;C:\Program Files (x86)\NVIDIA Corporation\PhysX\Common;C:\Program Files\Microsoft SQL Server\130\Tools\Binn\;C:\WINDOWS\system32;C:\WINDOWS;C:\WINDOWS\System32\Wbem;C:\WINDOWS\System32\WindowsPowerShell\v1.0\;C:\WINDOWS\System32\OpenSSH\;C:\Program Files\dotnet\;C:\Program Files\Microsoft SQL Server\Client SDK\ODBC\110\Tools\Binn\;C:\Program Files (x86)\Microsoft SQL Server\120\Tools\Binn\;C:\Program Files\Microsoft SQL Server\120\Tools\Binn\;C:\Program Files\Microsoft SQL Server\120\DTS\Binn\;C:\Program Files (x86)\Microsoft SQL Server\Client SDK\ODBC\130\Tools\Binn\;C:\Program Files (x86)\Microsoft SQL Server\140\Tools\Binn\;C:\Program Files (x86)\Microsoft SQL Server\140\DTS\Binn\;C:\Program Files (x86)\Microsoft SQL Server\140\Tools\Binn\ManagementStudio\;C:\Program Files\NVIDIA Corporation\NVIDIA NvDLISR;C:\WINDOWS\system32;C:\WINDOWS;C:\WINDOWS\System32\Wbem;C:\WINDOWS\System32\WindowsPowerShell\v1.0\;C:\WINDOWS\System32\OpenSSH\;C:\Users\Максим\AppData\Local\Microsoft\WindowsApps;F:\Programms\IntelliJ IDEA 2018.3\bin;F:\Programms\Fiddler;C:\Users\Максим\AppData\Local\GitHubDesktop\bin;F:\Programms\heroku\bin
USERNAME=Максим
OS=Windows_NT
PROCESSOR_IDENTIFIER=Intel64 Family 6 Model 142 Stepping 10, GenuineIntel



---------------  S Y S T E M  ---------------

OS: Windows 10 , 64 bit Build 17763 (10.0.17763.475)

CPU:total 8 (initial active 8) (4 cores per cpu, 2 threads per core) family 6 model 142 stepping 10, cmov, cx8, fxsr, mmx, sse, sse2, sse3, ssse3, sse4.1, sse4.2, popcnt, avx, avx2, aes, clmul, erms, 3dnowpref, lzcnt, ht, tsc, tscinvbit, bmi1, bmi2, adx, fma

Memory: 4k page, system-wide physical 8066M (808M free)
TotalPageFile size 15221M (AvailPageFile size 5M)
current process WorkingSet (physical memory assigned to process): 262M, peak: 269M
current process commit charge ("private bytes"): 345M, peak: 355M

vm_info: Java HotSpot(TM) 64-Bit Server VM (11.0.1+13-LTS) for windows-amd64 JRE (11.0.1+13-LTS), built on Oct  6 2018 13:20:16 by "mach5one" with MS VC++ 15.5 (VS2017)

END.
